{"contracts/ZombieFactory.sol":{"l":{"26":3,"27":3,"28":3,"30":3,"34":2,"47":3,"49":3,"57":4,"59":3,"60":3},"path":"/Users/tnguyen/freelance/2205-EPITA/group2/cryptozombies-spring4/contracts/ZombieFactory.sol","s":{"1":3,"2":3,"3":3,"4":2,"5":3,"6":3,"7":4,"8":3,"9":3},"b":{"1":[3,1]},"f":{"1":3,"2":2,"3":3,"4":4},"fnMap":{"1":{"name":"_createZombie","line":25,"loc":{"start":{"line":25,"column":2},"end":{"line":31,"column":2}}},"2":{"name":"getZombies","line":33,"loc":{"start":{"line":33,"column":2},"end":{"line":35,"column":2}}},"3":{"name":"_generateRandomDna","line":42,"loc":{"start":{"line":42,"column":2},"end":{"line":50,"column":2}}},"4":{"name":"createRandomZombie","line":56,"loc":{"start":{"line":56,"column":2},"end":{"line":61,"column":2}}}},"statementMap":{"1":{"start":{"line":26,"column":4},"end":{"line":26,"column":36}},"2":{"start":{"line":27,"column":4},"end":{"line":27,"column":49}},"3":{"start":{"line":30,"column":4},"end":{"line":30,"column":51}},"4":{"start":{"line":34,"column":4},"end":{"line":34,"column":18}},"5":{"start":{"line":47,"column":4},"end":{"line":47,"column":55}},"6":{"start":{"line":49,"column":4},"end":{"line":49,"column":28}},"7":{"start":{"line":57,"column":4},"end":{"line":57,"column":74}},"8":{"start":{"line":59,"column":4},"end":{"line":59,"column":47}},"9":{"start":{"line":60,"column":4},"end":{"line":60,"column":32}}},"branchMap":{"1":{"line":57,"type":"if","locations":[{"start":{"line":57,"column":4},"end":{"line":57,"column":4}},{"start":{"line":57,"column":4},"end":{"line":57,"column":4}}]}}},"contracts/ZombieFeeding.sol":{"l":{"33":0,"38":0,"39":0,"40":0,"42":0,"43":0,"46":0,"50":0,"52":0,"53":0},"path":"/Users/tnguyen/freelance/2205-EPITA/group2/cryptozombies-spring4/contracts/ZombieFeeding.sol","s":{"1":0,"2":0,"3":0,"4":0,"5":0,"6":0,"7":0,"8":0,"9":0,"10":0},"b":{"1":[0,0],"2":[0,0]},"f":{"1":0,"2":0},"fnMap":{"1":{"name":"feedAndMultiply","line":28,"loc":{"start":{"line":28,"column":2},"end":{"line":47,"column":2}}},"2":{"name":"feedOnKitty","line":49,"loc":{"start":{"line":49,"column":2},"end":{"line":54,"column":2}}}},"statementMap":{"1":{"start":{"line":33,"column":4},"end":{"line":33,"column":756}},"2":{"start":{"line":38,"column":4},"end":{"line":38,"column":48}},"3":{"start":{"line":39,"column":4},"end":{"line":39,"column":39}},"4":{"start":{"line":40,"column":4},"end":{"line":40,"column":52}},"5":{"start":{"line":42,"column":4},"end":{"line":42,"column":1004}},"6":{"start":{"line":43,"column":6},"end":{"line":43,"column":42}},"7":{"start":{"line":46,"column":4},"end":{"line":46,"column":34}},"8":{"start":{"line":50,"column":4},"end":{"line":50,"column":20}},"9":{"start":{"line":52,"column":4},"end":{"line":52,"column":67}},"10":{"start":{"line":53,"column":4},"end":{"line":53,"column":48}}},"branchMap":{"1":{"line":33,"type":"if","locations":[{"start":{"line":33,"column":4},"end":{"line":33,"column":4}},{"start":{"line":33,"column":4},"end":{"line":33,"column":4}}]},"2":{"line":42,"type":"if","locations":[{"start":{"line":42,"column":4},"end":{"line":42,"column":4}},{"start":{"line":42,"column":4},"end":{"line":42,"column":4}}]}}}}